<?xml version="1.0" encoding="UTF-8"?>
<testsuite name="org.apache.commons.csv.CSVParserTest" time="0.022" tests="62" errors="0" skipped="3" failures="0">
  <properties>
    <property name="java.runtime.name" value="Java(TM) SE Runtime Environment"/>
    <property name="sun.boot.library.path" value="C:\Program Files\Java\jdk1.8.0_92\jre\bin"/>
    <property name="java.vm.version" value="25.92-b14"/>
    <property name="java.vm.vendor" value="Oracle Corporation"/>
    <property name="maven.multiModuleProjectDirectory" value="D:\Files\crossover\common-csv"/>
    <property name="java.vendor.url" value="http://java.oracle.com/"/>
    <property name="path.separator" value=";"/>
    <property name="guice.disable.misplaced.annotation.check" value="true"/>
    <property name="java.vm.name" value="Java HotSpot(TM) 64-Bit Server VM"/>
    <property name="file.encoding.pkg" value="sun.io"/>
    <property name="user.script" value=""/>
    <property name="user.country" value="US"/>
    <property name="sun.java.launcher" value="SUN_STANDARD"/>
    <property name="sun.os.patch.level" value=""/>
    <property name="java.vm.specification.name" value="Java Virtual Machine Specification"/>
    <property name="user.dir" value="D:\Files\crossover\common-csv"/>
    <property name="java.runtime.version" value="1.8.0_92-b14"/>
    <property name="java.awt.graphicsenv" value="sun.awt.Win32GraphicsEnvironment"/>
    <property name="java.endorsed.dirs" value="C:\Program Files\Java\jdk1.8.0_92\jre\lib\endorsed"/>
    <property name="os.arch" value="amd64"/>
    <property name="java.io.tmpdir" value="C:\Users\SILVES~1\AppData\Local\Temp\"/>
    <property name="line.separator" value="&#10;"/>
    <property name="java.vm.specification.vendor" value="Oracle Corporation"/>
    <property name="user.variant" value=""/>
    <property name="os.name" value="Windows 10"/>
    <property name="classworlds.conf" value="C:\Files\Softwares\apache-maven-3.3.9\bin\..\bin\m2.conf"/>
    <property name="sun.jnu.encoding" value="Cp1252"/>
    <property name="java.library.path" value="C:\Program Files\Java\jdk1.8.0_92\bin;C:\WINDOWS\Sun\Java\bin;C:\WINDOWS\system32;C:\WINDOWS;C:\ProgramData\Oracle\Java\javapath;D:\app\oracle\product\11.2.0\client_2\bin;C:\Program Files (x86)\Intel\iCLS Client\;C:\Program Files\Intel\iCLS Client\;C:\WINDOWS\system32;C:\WINDOWS;C:\WINDOWS\System32\Wbem;C:\WINDOWS\System32\WindowsPowerShell\v1.0\;C:\Program Files (x86)\Windows Live\Shared;C:\Program Files\Intel\Intel(R) Management Engine Components\DAL;C:\Program Files\Intel\Intel(R) Management Engine Components\IPT;C:\Program Files (x86)\Intel\Intel(R) Management Engine Components\DAL;C:\Program Files (x86)\Intel\Intel(R) Management Engine Components\IPT;C:\Program Files (x86)\Intel\OpenCL SDK\2.0\bin\x86;C:\Program Files (x86)\Intel\OpenCL SDK\2.0\bin\x64;C:\Program Files\Java\jdk1.7.0_60\bin;C:\Program Files\Google\Google Apps Sync\;C:\Program Files (x86)\NVIDIA Corporation\PhysX\Common;C:\WINDOWS\system32;C:\WINDOWS;C:\WINDOWS\System32\Wbem;C:\WINDOWS\System32\WindowsPowerShell\v1.0\;C:\Program Files (x86)\GtkSharp\2.12\bin;C:\Program Files (x86)\nodejs\;C:\Program Files (x86)\Skype\Phone\;C:\Program Files (x86)\Windows Kits\10\Windows Performance Toolkit\;C:\Program Files\Microsoft SQL Server\130\Tools\Binn\;C:\Program Files\Microsoft DNX\Dnvm\;C:\Cocos\Cocos2d-x\cocos2d-x-3.13\templates;C:\Cocos\Cocos2d-x\cocos2d-x-3.13\tools\cocos2d-console\bin;D:\Files\Softwares\Anaconda2;D:\Files\Softwares\Anaconda2\Scripts;D:\Files\Softwares\Anaconda2\Library\bin;C:\Users\Public\Documents\RAD Studio\12.0\Bpl;D:\app\oracle\product\11.2.0\client_1\bin;C:\Program Files (x86)\IDM Computer Solutions\UltraEdit\;D:\Files\android\android-sdk\platform-tools;D:\Files\android\android-sdk\tools;C:\Program Files\Java\jdk1.8.0_92\bin;C:\Files\Softwares\openssl-0.9.8k_X64\bin;C:\BSCSiX\3pp\win32;C:\BSCSiX\bin\win32;C:\Cocos\tools\Python27;C:\Cocos\tools\ant\bin;C:\Users\Silvester\AppData\Roaming\npm;C:\Program Files (x86)\Google\google_appengine\;C:\Files\Softwares\cygwin64\bin;C:\Users\Silvester\AppData\Local\GitHub\PortableGit_624c8416ee51e205b3f892d1d904e06e6f3c57c8\cmd;C:\Cocos\tools\sdkbox_installer;C:\Users\Silvester\AppData\Local\Microsoft\WindowsApps;C:\Files\Softwares\apache-maven-3.3.9\bin;."/>
    <property name="java.specification.name" value="Java Platform API Specification"/>
    <property name="java.class.version" value="52.0"/>
    <property name="sun.management.compiler" value="HotSpot 64-Bit Tiered Compilers"/>
    <property name="os.version" value="10.0"/>
    <property name="user.home" value="C:\Users\Silvester"/>
    <property name="user.timezone" value="Africa/Nairobi"/>
    <property name="java.awt.printerjob" value="sun.awt.windows.WPrinterJob"/>
    <property name="java.specification.version" value="1.8"/>
    <property name="file.encoding" value="Cp1252"/>
    <property name="user.name" value="Silvester"/>
    <property name="java.class.path" value="C:\Files\Softwares\apache-maven-3.3.9\bin\..\boot\plexus-classworlds-2.5.2.jar"/>
    <property name="java.vm.specification.version" value="1.8"/>
    <property name="sun.arch.data.model" value="64"/>
    <property name="java.home" value="C:\Program Files\Java\jdk1.8.0_92\jre"/>
    <property name="sun.java.command" value="org.codehaus.plexus.classworlds.launcher.Launcher install"/>
    <property name="java.specification.vendor" value="Oracle Corporation"/>
    <property name="user.language" value="en"/>
    <property name="awt.toolkit" value="sun.awt.windows.WToolkit"/>
    <property name="java.vm.info" value="mixed mode"/>
    <property name="java.version" value="1.8.0_92"/>
    <property name="java.ext.dirs" value="C:\Program Files\Java\jdk1.8.0_92\jre\lib\ext;C:\WINDOWS\Sun\Java\lib\ext"/>
    <property name="sun.boot.class.path" value="C:\Program Files\Java\jdk1.8.0_92\jre\lib\resources.jar;C:\Program Files\Java\jdk1.8.0_92\jre\lib\rt.jar;C:\Program Files\Java\jdk1.8.0_92\jre\lib\sunrsasign.jar;C:\Program Files\Java\jdk1.8.0_92\jre\lib\jsse.jar;C:\Program Files\Java\jdk1.8.0_92\jre\lib\jce.jar;C:\Program Files\Java\jdk1.8.0_92\jre\lib\charsets.jar;C:\Program Files\Java\jdk1.8.0_92\jre\lib\jfr.jar;C:\Program Files\Java\jdk1.8.0_92\jre\classes"/>
    <property name="sun.stderr.encoding" value="cp437"/>
    <property name="java.vendor" value="Oracle Corporation"/>
    <property name="maven.home" value="C:\Files\Softwares\apache-maven-3.3.9\bin\.."/>
    <property name="file.separator" value="\"/>
    <property name="java.vendor.url.bug" value="http://bugreport.sun.com/bugreport/"/>
    <property name="sun.cpu.endian" value="little"/>
    <property name="sun.io.unicode.encoding" value="UnicodeLittle"/>
    <property name="sun.stdout.encoding" value="cp437"/>
    <property name="sun.desktop" value="windows"/>
    <property name="sun.cpu.isalist" value="amd64"/>
  </properties>
  <testcase name="testBackslashEscapingOld" classname="org.apache.commons.csv.CSVParserTest" time="0">
    <skipped/>
  </testcase>
  <testcase name="testStartWithEmptyLinesThenHeaders" classname="org.apache.commons.csv.CSVParserTest" time="0">
    <skipped/>
  </testcase>
  <testcase name="testExcelHeaderCountLessThanData" classname="org.apache.commons.csv.CSVParserTest" time="0"/>
  <testcase name="testMultipleIterators" classname="org.apache.commons.csv.CSVParserTest" time="0"/>
  <testcase name="testHeaderComment" classname="org.apache.commons.csv.CSVParserTest" time="0"/>
  <testcase name="testDefaultFormat" classname="org.apache.commons.csv.CSVParserTest" time="0.001"/>
  <testcase name="testGetRecordPositionWithCRLF" classname="org.apache.commons.csv.CSVParserTest" time="0.001"/>
  <testcase name="testHeaderMissing" classname="org.apache.commons.csv.CSVParserTest" time="0"/>
  <testcase name="testBOM" classname="org.apache.commons.csv.CSVParserTest" time="0">
    <skipped message="CSV-107"/>
  </testcase>
  <testcase name="testProvidedHeaderAuto" classname="org.apache.commons.csv.CSVParserTest" time="0.001"/>
  <testcase name="testGetRecordWithMultiLineValues" classname="org.apache.commons.csv.CSVParserTest" time="0"/>
  <testcase name="testParseNullStringFormat" classname="org.apache.commons.csv.CSVParserTest" time="0"/>
  <testcase name="testGetRecordNumberWithCR" classname="org.apache.commons.csv.CSVParserTest" time="0"/>
  <testcase name="testGetRecordNumberWithLF" classname="org.apache.commons.csv.CSVParserTest" time="0"/>
  <testcase name="testCSV57" classname="org.apache.commons.csv.CSVParserTest" time="0"/>
  <testcase name="testClose" classname="org.apache.commons.csv.CSVParserTest" time="0"/>
  <testcase name="testGetLineNumberWithCR" classname="org.apache.commons.csv.CSVParserTest" time="0"/>
  <testcase name="testGetLineNumberWithLF" classname="org.apache.commons.csv.CSVParserTest" time="0"/>
  <testcase name="testParserUrlNullCharsetFormat" classname="org.apache.commons.csv.CSVParserTest" time="0.001"/>
  <testcase name="testForEach" classname="org.apache.commons.csv.CSVParserTest" time="0"/>
  <testcase name="testGetOneLine" classname="org.apache.commons.csv.CSVParserTest" time="0.001"/>
  <testcase name="testGetLineNumberWithCRLF" classname="org.apache.commons.csv.CSVParserTest" time="0"/>
  <testcase name="testCarriageReturnLineFeedEndings" classname="org.apache.commons.csv.CSVParserTest" time="0"/>
  <testcase name="testGetRecordNumberWithCRLF" classname="org.apache.commons.csv.CSVParserTest" time="0"/>
  <testcase name="testParseUrlCharsetNullFormat" classname="org.apache.commons.csv.CSVParserTest" time="0"/>
  <testcase name="testEmptyFile" classname="org.apache.commons.csv.CSVParserTest" time="0"/>
  <testcase name="testCarriageReturnEndings" classname="org.apache.commons.csv.CSVParserTest" time="0"/>
  <testcase name="testGetLine" classname="org.apache.commons.csv.CSVParserTest" time="0"/>
  <testcase name="testGetRecordPositionWithLF" classname="org.apache.commons.csv.CSVParserTest" time="0"/>
  <testcase name="testGetOneLineOneParser" classname="org.apache.commons.csv.CSVParserTest" time="0.001"/>
  <testcase name="testHeadersMissingException" classname="org.apache.commons.csv.CSVParserTest" time="0"/>
  <testcase name="testProvidedHeader" classname="org.apache.commons.csv.CSVParserTest" time="0"/>
  <testcase name="testParseNullUrlCharsetFormat" classname="org.apache.commons.csv.CSVParserTest" time="0"/>
  <testcase name="testInvalidFormat" classname="org.apache.commons.csv.CSVParserTest" time="0"/>
  <testcase name="testBackslashEscaping2" classname="org.apache.commons.csv.CSVParserTest" time="0"/>
  <testcase name="testExcelFormat1" classname="org.apache.commons.csv.CSVParserTest" time="0.001"/>
  <testcase name="testExcelFormat2" classname="org.apache.commons.csv.CSVParserTest" time="0"/>
  <testcase name="testEndOfFileBehaviourExcel" classname="org.apache.commons.csv.CSVParserTest" time="0.001"/>
  <testcase name="testRoundtrip" classname="org.apache.commons.csv.CSVParserTest" time="0"/>
  <testcase name="testNoHeaderMap" classname="org.apache.commons.csv.CSVParserTest" time="0"/>
  <testcase name="testParseFileNullFormat" classname="org.apache.commons.csv.CSVParserTest" time="0.001"/>
  <testcase name="testGetHeaderMap" classname="org.apache.commons.csv.CSVParserTest" time="0"/>
  <testcase name="testBackslashEscaping" classname="org.apache.commons.csv.CSVParserTest" time="0"/>
  <testcase name="testLineFeedEndings" classname="org.apache.commons.csv.CSVParserTest" time="0"/>
  <testcase name="testMappedButNotSetAsOutlook2007ContactExport" classname="org.apache.commons.csv.CSVParserTest" time="0"/>
  <testcase name="testEmptyLineBehaviourCSV" classname="org.apache.commons.csv.CSVParserTest" time="0"/>
  <testcase name="testSkipSetHeader" classname="org.apache.commons.csv.CSVParserTest" time="0.001"/>
  <testcase name="testHeaderMissingWithNull" classname="org.apache.commons.csv.CSVParserTest" time="0"/>
  <testcase name="testIgnoreEmptyLines" classname="org.apache.commons.csv.CSVParserTest" time="0"/>
  <testcase name="testEndOfFileBehaviorCSV" classname="org.apache.commons.csv.CSVParserTest" time="0.001"/>
  <testcase name="testNewCSVParserNullReaderFormat" classname="org.apache.commons.csv.CSVParserTest" time="0"/>
  <testcase name="testParseStringNullFormat" classname="org.apache.commons.csv.CSVParserTest" time="0"/>
  <testcase name="testEmptyLineBehaviourExcel" classname="org.apache.commons.csv.CSVParserTest" time="0.001"/>
  <testcase name="testHeader" classname="org.apache.commons.csv.CSVParserTest" time="0"/>
  <testcase name="testGetRecords" classname="org.apache.commons.csv.CSVParserTest" time="0"/>
  <testcase name="testHeadersMissing" classname="org.apache.commons.csv.CSVParserTest" time="0"/>
  <testcase name="testBOMInputStream" classname="org.apache.commons.csv.CSVParserTest" time="0.009"/>
  <testcase name="testDuplicateHeaders" classname="org.apache.commons.csv.CSVParserTest" time="0"/>
  <testcase name="testIterator" classname="org.apache.commons.csv.CSVParserTest" time="0.001"/>
  <testcase name="testParseNullFileFormat" classname="org.apache.commons.csv.CSVParserTest" time="0"/>
  <testcase name="testSkipAutoHeader" classname="org.apache.commons.csv.CSVParserTest" time="0"/>
  <testcase name="testNewCSVParserReaderNullFormat" classname="org.apache.commons.csv.CSVParserTest" time="0"/>
</testsuite>